<?xml version="1.0" encoding="UTF-8"?>
<!-- Generated by org.testng.reporters.JUnitReportReporter -->
<testsuite skipped="0" hostname="USER-Bilgisayar" name="suites.bookstore.ApiTest" tests="9" failures="0" timestamp="10 Mar 2019 18:38:02 GMT" time="2.855" errors="0">
  <testcase name="requiredFieldAuthor" time="0.182" classname="suites.bookstore.ApiTest"/>
  <testcase name="emptyTitleFields" time="0.201" classname="suites.bookstore.ApiTest"/>
  <testcase name="readOnlyId" time="0.174" classname="suites.bookstore.ApiTest"/>
  <testcase name="getBookNotFound" time="0.352" classname="suites.bookstore.ApiTest"/>
  <testcase name="emptyStore" time="0.504" classname="suites.bookstore.ApiTest"/>
  <testcase name="getBookFound" time="0.457" classname="suites.bookstore.ApiTest"/>
  <testcase name="requiredFieldTitle" time="0.424" classname="suites.bookstore.ApiTest"/>
  <testcase name="emptyAuthorFields" time="0.180" classname="suites.bookstore.ApiTest"/>
  <testcase name="putbooksDuplicate" time="0.381" classname="suites.bookstore.ApiTest"/>
</testsuite> <!-- suites.bookstore.ApiTest -->
